Performing C SOURCE FILE Test CMAKE_HAVE_LIBC_PTHREAD failed with the following output:
Change Dir: /home/mashuang/OOPPO/build/CMakeFiles/CMakeTmp

Run Build Command(s):/usr/bin/gmake -f Makefile cmTC_6ee95/fast && /usr/bin/gmake  -f CMakeFiles/cmTC_6ee95.dir/build.make CMakeFiles/cmTC_6ee95.dir/build
gmake[1]: Entering directory `/home/mashuang/OOPPO/build/CMakeFiles/CMakeTmp'
Building C object CMakeFiles/cmTC_6ee95.dir/src.c.o
/home/mashuang/stripe_merge/gcc/usr/local/bin/gcc -DCMAKE_HAVE_LIBC_PTHREAD   -o CMakeFiles/cmTC_6ee95.dir/src.c.o -c /home/mashuang/OOPPO/build/CMakeFiles/CMakeTmp/src.c
Linking C executable cmTC_6ee95
/home/mashuang/stripe_merge/cmake/bin/cmake -E cmake_link_script CMakeFiles/cmTC_6ee95.dir/link.txt --verbose=1
/home/mashuang/stripe_merge/gcc/usr/local/bin/gcc CMakeFiles/cmTC_6ee95.dir/src.c.o -o cmTC_6ee95 
CMakeFiles/cmTC_6ee95.dir/src.c.o: In function `main':
src.c:(.text+0x2d): undefined reference to `pthread_create'
src.c:(.text+0x39): undefined reference to `pthread_detach'
src.c:(.text+0x45): undefined reference to `pthread_cancel'
src.c:(.text+0x56): undefined reference to `pthread_join'
src.c:(.text+0x6a): undefined reference to `pthread_atfork'
collect2: error: ld returned 1 exit status
gmake[1]: *** [cmTC_6ee95] Error 1
gmake[1]: Leaving directory `/home/mashuang/OOPPO/build/CMakeFiles/CMakeTmp'
gmake: *** [cmTC_6ee95/fast] Error 2


Source file was:
#include <pthread.h>

static void* test_func(void* data)
{
  return data;
}

int main(void)
{
  pthread_t thread;
  pthread_create(&thread, NULL, test_func, NULL);
  pthread_detach(thread);
  pthread_cancel(thread);
  pthread_join(thread, NULL);
  pthread_atfork(NULL, NULL, NULL);
  pthread_exit(NULL);

  return 0;
}

Determining if the function pthread_create exists in the pthreads failed with the following output:
Change Dir: /home/mashuang/OOPPO/build/CMakeFiles/CMakeTmp

Run Build Command(s):/usr/bin/gmake -f Makefile cmTC_bfa1d/fast && /usr/bin/gmake  -f CMakeFiles/cmTC_bfa1d.dir/build.make CMakeFiles/cmTC_bfa1d.dir/build
gmake[1]: Entering directory `/home/mashuang/OOPPO/build/CMakeFiles/CMakeTmp'
Building C object CMakeFiles/cmTC_bfa1d.dir/CheckFunctionExists.c.o
/home/mashuang/stripe_merge/gcc/usr/local/bin/gcc   -DCHECK_FUNCTION_EXISTS=pthread_create -o CMakeFiles/cmTC_bfa1d.dir/CheckFunctionExists.c.o -c /home/mashuang/stripe_merge/cmake/share/cmake-3.22/Modules/CheckFunctionExists.c
Linking C executable cmTC_bfa1d
/home/mashuang/stripe_merge/cmake/bin/cmake -E cmake_link_script CMakeFiles/cmTC_bfa1d.dir/link.txt --verbose=1
/home/mashuang/stripe_merge/gcc/usr/local/bin/gcc  -DCHECK_FUNCTION_EXISTS=pthread_create CMakeFiles/cmTC_bfa1d.dir/CheckFunctionExists.c.o -o cmTC_bfa1d  -lpthreads 
/usr/bin/ld: cannot find -lpthreads
collect2: error: ld returned 1 exit status
gmake[1]: *** [cmTC_bfa1d] Error 1
gmake[1]: Leaving directory `/home/mashuang/OOPPO/build/CMakeFiles/CMakeTmp'
gmake: *** [cmTC_bfa1d/fast] Error 2



