The system is: Linux - 3.10.0-1160.25.1.el7.x86_64 - x86_64
Compiling the C compiler identification source file "CMakeCCompilerId.c" succeeded.
Compiler: /home/mashuang/stripe_merge/gcc/usr/local/bin/gcc 
Build flags: 
Id flags:  

The output was:
0


Compilation of the C compiler identification source "CMakeCCompilerId.c" produced "a.out"

The C compiler identification is GNU, found in "/home/mashuang/OOPPO/build/CMakeFiles/3.22.0/CompilerIdC/a.out"

Compiling the CXX compiler identification source file "CMakeCXXCompilerId.cpp" succeeded.
Compiler: /home/mashuang/stripe_merge/gcc/usr/local/bin/g++ 
Build flags: 
Id flags:  

The output was:
0


Compilation of the CXX compiler identification source "CMakeCXXCompilerId.cpp" produced "a.out"

The CXX compiler identification is GNU, found in "/home/mashuang/OOPPO/build/CMakeFiles/3.22.0/CompilerIdCXX/a.out"

Detecting C compiler ABI info compiled with the following output:
Change Dir: /home/mashuang/OOPPO/build/CMakeFiles/CMakeTmp

Run Build Command(s):/usr/bin/gmake -f Makefile cmTC_a1e4f/fast && /usr/bin/gmake  -f CMakeFiles/cmTC_a1e4f.dir/build.make CMakeFiles/cmTC_a1e4f.dir/build
gmake[1]: Entering directory `/home/mashuang/OOPPO/build/CMakeFiles/CMakeTmp'
Building C object CMakeFiles/cmTC_a1e4f.dir/CMakeCCompilerABI.c.o
/home/mashuang/stripe_merge/gcc/usr/local/bin/gcc   -v -o CMakeFiles/cmTC_a1e4f.dir/CMakeCCompilerABI.c.o -c /home/mashuang/stripe_merge/cmake/share/cmake-3.22/Modules/CMakeCCompilerABI.c
Using built-in specs.
COLLECT_GCC=/home/mashuang/stripe_merge/gcc/usr/local/bin/gcc
Target: x86_64-pc-linux-gnu
Configured with: ./configure -enable-checking=release -enable-languages=c,c++ -disable-multilib
Thread model: posix
gcc version 9.4.0 (GCC) 
COLLECT_GCC_OPTIONS='-v' '-o' 'CMakeFiles/cmTC_a1e4f.dir/CMakeCCompilerABI.c.o' '-c' '-mtune=generic' '-march=x86-64'
 /home/mashuang/stripe_merge/gcc/usr/local/bin/../libexec/gcc/x86_64-pc-linux-gnu/9.4.0/cc1 -quiet -v -iprefix /home/mashuang/stripe_merge/gcc/usr/local/bin/../lib/gcc/x86_64-pc-linux-gnu/9.4.0/ /home/mashuang/stripe_merge/cmake/share/cmake-3.22/Modules/CMakeCCompilerABI.c -quiet -dumpbase CMakeCCompilerABI.c -mtune=generic -march=x86-64 -auxbase-strip CMakeFiles/cmTC_a1e4f.dir/CMakeCCompilerABI.c.o -version -o /tmp/ccst0MvG.s
GNU C17 (GCC) version 9.4.0 (x86_64-pc-linux-gnu)
	compiled by GNU C version 9.4.0, GMP version 6.1.0, MPFR version 3.1.4, MPC version 1.0.3, isl version isl-0.18-GMP

GGC heuristics: --param ggc-min-expand=100 --param ggc-min-heapsize=131072
ignoring nonexistent directory "/home/mashuang/stripe_merge/gcc/usr/local/bin/../lib/gcc/x86_64-pc-linux-gnu/9.4.0/../../../../x86_64-pc-linux-gnu/include"
ignoring duplicate directory "/home/mashuang/stripe_merge/gcc/usr/local/bin/../lib/gcc/../../lib/gcc/x86_64-pc-linux-gnu/9.4.0/include"
ignoring duplicate directory "/home/mashuang/stripe_merge/gcc/usr/local/bin/../lib/gcc/../../lib/gcc/x86_64-pc-linux-gnu/9.4.0/include-fixed"
ignoring nonexistent directory "/home/mashuang/stripe_merge/gcc/usr/local/bin/../lib/gcc/../../lib/gcc/x86_64-pc-linux-gnu/9.4.0/../../../../x86_64-pc-linux-gnu/include"
#include "..." search starts here:
#include <...> search starts here:
 /home/mashuang/stripe_merge/gcc/usr/local/bin/../lib/gcc/x86_64-pc-linux-gnu/9.4.0/include
 /home/mashuang/stripe_merge/gcc/usr/local/bin/../lib/gcc/x86_64-pc-linux-gnu/9.4.0/include-fixed
 /usr/local/include
 /usr/include
End of search list.
GNU C17 (GCC) version 9.4.0 (x86_64-pc-linux-gnu)
	compiled by GNU C version 9.4.0, GMP version 6.1.0, MPFR version 3.1.4, MPC version 1.0.3, isl version isl-0.18-GMP

GGC heuristics: --param ggc-min-expand=100 --param ggc-min-heapsize=131072
Compiler executable checksum: d1252c93e604e9f21c8c99de2b5552fd
COLLECT_GCC_OPTIONS='-v' '-o' 'CMakeFiles/cmTC_a1e4f.dir/CMakeCCompilerABI.c.o' '-c' '-mtune=generic' '-march=x86-64'
 as -v --64 -o CMakeFiles/cmTC_a1e4f.dir/CMakeCCompilerABI.c.o /tmp/ccst0MvG.s
GNU assembler version 2.27 (x86_64-redhat-linux) using BFD version version 2.27-41.base.el7_7.2
COMPILER_PATH=/home/mashuang/stripe_merge/gcc/usr/local/bin/../libexec/gcc/x86_64-pc-linux-gnu/9.4.0/:/home/mashuang/stripe_merge/gcc/usr/local/bin/../libexec/gcc/
LIBRARY_PATH=/home/mashuang/stripe_merge/gcc/usr/local/bin/../lib/gcc/x86_64-pc-linux-gnu/9.4.0/:/home/mashuang/stripe_merge/gcc/usr/local/bin/../lib/gcc/:/home/mashuang/stripe_merge/grpc/lib/../lib64/:/home/mashuang/stripe_merge/gcc/usr/local/lib/../lib64/:/home/mashuang/stripe_merge/grpc/lib/../lib64/:/home/mashuang/stripe_merge/gcc/usr/local/lib/../lib64/:/home/mashuang/stripe_merge/gcc/usr/local/bin/../lib/gcc/x86_64-pc-linux-gnu/9.4.0/../../../../lib64/:/lib/../lib64/:/usr/lib/../lib64/:/home/mashuang/stripe_merge/grpc/lib/:/home/mashuang/stripe_merge/gcc/usr/local/lib/:/home/mashuang/stripe_merge/grpc/lib/:/home/mashuang/stripe_merge/gcc/usr/local/lib/:./:/home/mashuang/stripe_merge/gcc/usr/local/bin/../lib/gcc/x86_64-pc-linux-gnu/9.4.0/../../../:/lib/:/usr/lib/
COLLECT_GCC_OPTIONS='-v' '-o' 'CMakeFiles/cmTC_a1e4f.dir/CMakeCCompilerABI.c.o' '-c' '-mtune=generic' '-march=x86-64'
Linking C executable cmTC_a1e4f
/home/mashuang/stripe_merge/cmake/bin/cmake -E cmake_link_script CMakeFiles/cmTC_a1e4f.dir/link.txt --verbose=1
/home/mashuang/stripe_merge/gcc/usr/local/bin/gcc  -v CMakeFiles/cmTC_a1e4f.dir/CMakeCCompilerABI.c.o -o cmTC_a1e4f 
Using built-in specs.
COLLECT_GCC=/home/mashuang/stripe_merge/gcc/usr/local/bin/gcc
COLLECT_LTO_WRAPPER=/home/mashuang/stripe_merge/gcc/usr/local/bin/../libexec/gcc/x86_64-pc-linux-gnu/9.4.0/lto-wrapper
Target: x86_64-pc-linux-gnu
Configured with: ./configure -enable-checking=release -enable-languages=c,c++ -disable-multilib
Thread model: posix
gcc version 9.4.0 (GCC) 
COMPILER_PATH=/home/mashuang/stripe_merge/gcc/usr/local/bin/../libexec/gcc/x86_64-pc-linux-gnu/9.4.0/:/home/mashuang/stripe_merge/gcc/usr/local/bin/../libexec/gcc/
LIBRARY_PATH=/home/mashuang/stripe_merge/gcc/usr/local/bin/../lib/gcc/x86_64-pc-linux-gnu/9.4.0/:/home/mashuang/stripe_merge/gcc/usr/local/bin/../lib/gcc/:/home/mashuang/stripe_merge/grpc/lib/../lib64/:/home/mashuang/stripe_merge/gcc/usr/local/lib/../lib64/:/home/mashuang/stripe_merge/grpc/lib/../lib64/:/home/mashuang/stripe_merge/gcc/usr/local/lib/../lib64/:/home/mashuang/stripe_merge/gcc/usr/local/bin/../lib/gcc/x86_64-pc-linux-gnu/9.4.0/../../../../lib64/:/lib/../lib64/:/usr/lib/../lib64/:/home/mashuang/stripe_merge/grpc/lib/:/home/mashuang/stripe_merge/gcc/usr/local/lib/:/home/mashuang/stripe_merge/grpc/lib/:/home/mashuang/stripe_merge/gcc/usr/local/lib/:./:/home/mashuang/stripe_merge/gcc/usr/local/bin/../lib/gcc/x86_64-pc-linux-gnu/9.4.0/../../../:/lib/:/usr/lib/
COLLECT_GCC_OPTIONS='-v' '-o' 'cmTC_a1e4f' '-mtune=generic' '-march=x86-64'
 /home/mashuang/stripe_merge/gcc/usr/local/bin/../libexec/gcc/x86_64-pc-linux-gnu/9.4.0/collect2 -plugin /home/mashuang/stripe_merge/gcc/usr/local/bin/../libexec/gcc/x86_64-pc-linux-gnu/9.4.0/liblto_plugin.so -plugin-opt=/home/mashuang/stripe_merge/gcc/usr/local/bin/../libexec/gcc/x86_64-pc-linux-gnu/9.4.0/lto-wrapper -plugin-opt=-fresolution=/tmp/cc139IHK.res -plugin-opt=-pass-through=-lgcc -plugin-opt=-pass-through=-lgcc_s -plugin-opt=-pass-through=-lc -plugin-opt=-pass-through=-lgcc -plugin-opt=-pass-through=-lgcc_s --eh-frame-hdr -m elf_x86_64 -dynamic-linker /lib64/ld-linux-x86-64.so.2 -o cmTC_a1e4f /lib/../lib64/crt1.o /lib/../lib64/crti.o /home/mashuang/stripe_merge/gcc/usr/local/bin/../lib/gcc/x86_64-pc-linux-gnu/9.4.0/crtbegin.o -L/home/mashuang/stripe_merge/gcc/usr/local/bin/../lib/gcc/x86_64-pc-linux-gnu/9.4.0 -L/home/mashuang/stripe_merge/gcc/usr/local/bin/../lib/gcc -L/home/mashuang/stripe_merge/grpc/lib/../lib64 -L/home/mashuang/stripe_merge/gcc/usr/local/lib/../lib64 -L/home/mashuang/stripe_merge/grpc/lib/../lib64 -L/home/mashuang/stripe_merge/gcc/usr/local/lib/../lib64 -L/home/mashuang/stripe_merge/gcc/usr/local/bin/../lib/gcc/x86_64-pc-linux-gnu/9.4.0/../../../../lib64 -L/lib/../lib64 -L/usr/lib/../lib64 -L/home/mashuang/stripe_merge/grpc/lib -L/home/mashuang/stripe_merge/gcc/usr/local/lib -L/home/mashuang/stripe_merge/grpc/lib -L/home/mashuang/stripe_merge/gcc/usr/local/lib -L. -L/home/mashuang/stripe_merge/gcc/usr/local/bin/../lib/gcc/x86_64-pc-linux-gnu/9.4.0/../../.. CMakeFiles/cmTC_a1e4f.dir/CMakeCCompilerABI.c.o -lgcc --as-needed -lgcc_s --no-as-needed -lc -lgcc --as-needed -lgcc_s --no-as-needed /home/mashuang/stripe_merge/gcc/usr/local/bin/../lib/gcc/x86_64-pc-linux-gnu/9.4.0/crtend.o /lib/../lib64/crtn.o
COLLECT_GCC_OPTIONS='-v' '-o' 'cmTC_a1e4f' '-mtune=generic' '-march=x86-64'
gmake[1]: Leaving directory `/home/mashuang/OOPPO/build/CMakeFiles/CMakeTmp'



Parsed C implicit include dir info from above output: rv=done
  found start of include info
  found start of implicit include info
    add: [/home/mashuang/stripe_merge/gcc/usr/local/bin/../lib/gcc/x86_64-pc-linux-gnu/9.4.0/include]
    add: [/home/mashuang/stripe_merge/gcc/usr/local/bin/../lib/gcc/x86_64-pc-linux-gnu/9.4.0/include-fixed]
    add: [/usr/local/include]
    add: [/usr/include]
  end of search list found
  collapse include dir [/home/mashuang/stripe_merge/gcc/usr/local/bin/../lib/gcc/x86_64-pc-linux-gnu/9.4.0/include] ==> [/home/mashuang/stripe_merge/gcc/usr/local/lib/gcc/x86_64-pc-linux-gnu/9.4.0/include]
  collapse include dir [/home/mashuang/stripe_merge/gcc/usr/local/bin/../lib/gcc/x86_64-pc-linux-gnu/9.4.0/include-fixed] ==> [/home/mashuang/stripe_merge/gcc/usr/local/lib/gcc/x86_64-pc-linux-gnu/9.4.0/include-fixed]
  collapse include dir [/usr/local/include] ==> [/usr/local/include]
  collapse include dir [/usr/include] ==> [/usr/include]
  implicit include dirs: [/home/mashuang/stripe_merge/gcc/usr/local/lib/gcc/x86_64-pc-linux-gnu/9.4.0/include;/home/mashuang/stripe_merge/gcc/usr/local/lib/gcc/x86_64-pc-linux-gnu/9.4.0/include-fixed;/usr/local/include;/usr/include]


Parsed C implicit link information from above output:
  link line regex: [^( *|.*[/\])(ld|CMAKE_LINK_STARTFILE-NOTFOUND|([^/\]+-)?ld|collect2)[^/\]*( |$)]
  ignore line: [Change Dir: /home/mashuang/OOPPO/build/CMakeFiles/CMakeTmp]
  ignore line: []
  ignore line: [Run Build Command(s):/usr/bin/gmake -f Makefile cmTC_a1e4f/fast && /usr/bin/gmake  -f CMakeFiles/cmTC_a1e4f.dir/build.make CMakeFiles/cmTC_a1e4f.dir/build]
  ignore line: [gmake[1]: Entering directory `/home/mashuang/OOPPO/build/CMakeFiles/CMakeTmp']
  ignore line: [Building C object CMakeFiles/cmTC_a1e4f.dir/CMakeCCompilerABI.c.o]
  ignore line: [/home/mashuang/stripe_merge/gcc/usr/local/bin/gcc   -v -o CMakeFiles/cmTC_a1e4f.dir/CMakeCCompilerABI.c.o -c /home/mashuang/stripe_merge/cmake/share/cmake-3.22/Modules/CMakeCCompilerABI.c]
  ignore line: [Using built-in specs.]
  ignore line: [COLLECT_GCC=/home/mashuang/stripe_merge/gcc/usr/local/bin/gcc]
  ignore line: [Target: x86_64-pc-linux-gnu]
  ignore line: [Configured with: ./configure -enable-checking=release -enable-languages=c c++ -disable-multilib]
  ignore line: [Thread model: posix]
  ignore line: [gcc version 9.4.0 (GCC) ]
  ignore line: [COLLECT_GCC_OPTIONS='-v' '-o' 'CMakeFiles/cmTC_a1e4f.dir/CMakeCCompilerABI.c.o' '-c' '-mtune=generic' '-march=x86-64']
  ignore line: [ /home/mashuang/stripe_merge/gcc/usr/local/bin/../libexec/gcc/x86_64-pc-linux-gnu/9.4.0/cc1 -quiet -v -iprefix /home/mashuang/stripe_merge/gcc/usr/local/bin/../lib/gcc/x86_64-pc-linux-gnu/9.4.0/ /home/mashuang/stripe_merge/cmake/share/cmake-3.22/Modules/CMakeCCompilerABI.c -quiet -dumpbase CMakeCCompilerABI.c -mtune=generic -march=x86-64 -auxbase-strip CMakeFiles/cmTC_a1e4f.dir/CMakeCCompilerABI.c.o -version -o /tmp/ccst0MvG.s]
  ignore line: [GNU C17 (GCC) version 9.4.0 (x86_64-pc-linux-gnu)]
  ignore line: [	compiled by GNU C version 9.4.0  GMP version 6.1.0  MPFR version 3.1.4  MPC version 1.0.3  isl version isl-0.18-GMP]
  ignore line: []
  ignore line: [GGC heuristics: --param ggc-min-expand=100 --param ggc-min-heapsize=131072]
  ignore line: [ignoring nonexistent directory "/home/mashuang/stripe_merge/gcc/usr/local/bin/../lib/gcc/x86_64-pc-linux-gnu/9.4.0/../../../../x86_64-pc-linux-gnu/include"]
  ignore line: [ignoring duplicate directory "/home/mashuang/stripe_merge/gcc/usr/local/bin/../lib/gcc/../../lib/gcc/x86_64-pc-linux-gnu/9.4.0/include"]
  ignore line: [ignoring duplicate directory "/home/mashuang/stripe_merge/gcc/usr/local/bin/../lib/gcc/../../lib/gcc/x86_64-pc-linux-gnu/9.4.0/include-fixed"]
  ignore line: [ignoring nonexistent directory "/home/mashuang/stripe_merge/gcc/usr/local/bin/../lib/gcc/../../lib/gcc/x86_64-pc-linux-gnu/9.4.0/../../../../x86_64-pc-linux-gnu/include"]
  ignore line: [#include "..." search starts here:]
  ignore line: [#include <...> search starts here:]
  ignore line: [ /home/mashuang/stripe_merge/gcc/usr/local/bin/../lib/gcc/x86_64-pc-linux-gnu/9.4.0/include]
  ignore line: [ /home/mashuang/stripe_merge/gcc/usr/local/bin/../lib/gcc/x86_64-pc-linux-gnu/9.4.0/include-fixed]
  ignore line: [ /usr/local/include]
  ignore line: [ /usr/include]
  ignore line: [End of search list.]
  ignore line: [GNU C17 (GCC) version 9.4.0 (x86_64-pc-linux-gnu)]
  ignore line: [	compiled by GNU C version 9.4.0  GMP version 6.1.0  MPFR version 3.1.4  MPC version 1.0.3  isl version isl-0.18-GMP]
  ignore line: []
  ignore line: [GGC heuristics: --param ggc-min-expand=100 --param ggc-min-heapsize=131072]
  ignore line: [Compiler executable checksum: d1252c93e604e9f21c8c99de2b5552fd]
  ignore line: [COLLECT_GCC_OPTIONS='-v' '-o' 'CMakeFiles/cmTC_a1e4f.dir/CMakeCCompilerABI.c.o' '-c' '-mtune=generic' '-march=x86-64']
  ignore line: [ as -v --64 -o CMakeFiles/cmTC_a1e4f.dir/CMakeCCompilerABI.c.o /tmp/ccst0MvG.s]
  ignore line: [GNU assembler version 2.27 (x86_64-redhat-linux) using BFD version version 2.27-41.base.el7_7.2]
  ignore line: [COMPILER_PATH=/home/mashuang/stripe_merge/gcc/usr/local/bin/../libexec/gcc/x86_64-pc-linux-gnu/9.4.0/:/home/mashuang/stripe_merge/gcc/usr/local/bin/../libexec/gcc/]
  ignore line: [LIBRARY_PATH=/home/mashuang/stripe_merge/gcc/usr/local/bin/../lib/gcc/x86_64-pc-linux-gnu/9.4.0/:/home/mashuang/stripe_merge/gcc/usr/local/bin/../lib/gcc/:/home/mashuang/stripe_merge/grpc/lib/../lib64/:/home/mashuang/stripe_merge/gcc/usr/local/lib/../lib64/:/home/mashuang/stripe_merge/grpc/lib/../lib64/:/home/mashuang/stripe_merge/gcc/usr/local/lib/../lib64/:/home/mashuang/stripe_merge/gcc/usr/local/bin/../lib/gcc/x86_64-pc-linux-gnu/9.4.0/../../../../lib64/:/lib/../lib64/:/usr/lib/../lib64/:/home/mashuang/stripe_merge/grpc/lib/:/home/mashuang/stripe_merge/gcc/usr/local/lib/:/home/mashuang/stripe_merge/grpc/lib/:/home/mashuang/stripe_merge/gcc/usr/local/lib/:./:/home/mashuang/stripe_merge/gcc/usr/local/bin/../lib/gcc/x86_64-pc-linux-gnu/9.4.0/../../../:/lib/:/usr/lib/]
  ignore line: [COLLECT_GCC_OPTIONS='-v' '-o' 'CMakeFiles/cmTC_a1e4f.dir/CMakeCCompilerABI.c.o' '-c' '-mtune=generic' '-march=x86-64']
  ignore line: [Linking C executable cmTC_a1e4f]
  ignore line: [/home/mashuang/stripe_merge/cmake/bin/cmake -E cmake_link_script CMakeFiles/cmTC_a1e4f.dir/link.txt --verbose=1]
  ignore line: [/home/mashuang/stripe_merge/gcc/usr/local/bin/gcc  -v CMakeFiles/cmTC_a1e4f.dir/CMakeCCompilerABI.c.o -o cmTC_a1e4f ]
  ignore line: [Using built-in specs.]
  ignore line: [COLLECT_GCC=/home/mashuang/stripe_merge/gcc/usr/local/bin/gcc]
  ignore line: [COLLECT_LTO_WRAPPER=/home/mashuang/stripe_merge/gcc/usr/local/bin/../libexec/gcc/x86_64-pc-linux-gnu/9.4.0/lto-wrapper]
  ignore line: [Target: x86_64-pc-linux-gnu]
  ignore line: [Configured with: ./configure -enable-checking=release -enable-languages=c c++ -disable-multilib]
  ignore line: [Thread model: posix]
  ignore line: [gcc version 9.4.0 (GCC) ]
  ignore line: [COMPILER_PATH=/home/mashuang/stripe_merge/gcc/usr/local/bin/../libexec/gcc/x86_64-pc-linux-gnu/9.4.0/:/home/mashuang/stripe_merge/gcc/usr/local/bin/../libexec/gcc/]
  ignore line: [LIBRARY_PATH=/home/mashuang/stripe_merge/gcc/usr/local/bin/../lib/gcc/x86_64-pc-linux-gnu/9.4.0/:/home/mashuang/stripe_merge/gcc/usr/local/bin/../lib/gcc/:/home/mashuang/stripe_merge/grpc/lib/../lib64/:/home/mashuang/stripe_merge/gcc/usr/local/lib/../lib64/:/home/mashuang/stripe_merge/grpc/lib/../lib64/:/home/mashuang/stripe_merge/gcc/usr/local/lib/../lib64/:/home/mashuang/stripe_merge/gcc/usr/local/bin/../lib/gcc/x86_64-pc-linux-gnu/9.4.0/../../../../lib64/:/lib/../lib64/:/usr/lib/../lib64/:/home/mashuang/stripe_merge/grpc/lib/:/home/mashuang/stripe_merge/gcc/usr/local/lib/:/home/mashuang/stripe_merge/grpc/lib/:/home/mashuang/stripe_merge/gcc/usr/local/lib/:./:/home/mashuang/stripe_merge/gcc/usr/local/bin/../lib/gcc/x86_64-pc-linux-gnu/9.4.0/../../../:/lib/:/usr/lib/]
  ignore line: [COLLECT_GCC_OPTIONS='-v' '-o' 'cmTC_a1e4f' '-mtune=generic' '-march=x86-64']
  link line: [ /home/mashuang/stripe_merge/gcc/usr/local/bin/../libexec/gcc/x86_64-pc-linux-gnu/9.4.0/collect2 -plugin /home/mashuang/stripe_merge/gcc/usr/local/bin/../libexec/gcc/x86_64-pc-linux-gnu/9.4.0/liblto_plugin.so -plugin-opt=/home/mashuang/stripe_merge/gcc/usr/local/bin/../libexec/gcc/x86_64-pc-linux-gnu/9.4.0/lto-wrapper -plugin-opt=-fresolution=/tmp/cc139IHK.res -plugin-opt=-pass-through=-lgcc -plugin-opt=-pass-through=-lgcc_s -plugin-opt=-pass-through=-lc -plugin-opt=-pass-through=-lgcc -plugin-opt=-pass-through=-lgcc_s --eh-frame-hdr -m elf_x86_64 -dynamic-linker /lib64/ld-linux-x86-64.so.2 -o cmTC_a1e4f /lib/../lib64/crt1.o /lib/../lib64/crti.o /home/mashuang/stripe_merge/gcc/usr/local/bin/../lib/gcc/x86_64-pc-linux-gnu/9.4.0/crtbegin.o -L/home/mashuang/stripe_merge/gcc/usr/local/bin/../lib/gcc/x86_64-pc-linux-gnu/9.4.0 -L/home/mashuang/stripe_merge/gcc/usr/local/bin/../lib/gcc -L/home/mashuang/stripe_merge/grpc/lib/../lib64 -L/home/mashuang/stripe_merge/gcc/usr/local/lib/../lib64 -L/home/mashuang/stripe_merge/grpc/lib/../lib64 -L/home/mashuang/stripe_merge/gcc/usr/local/lib/../lib64 -L/home/mashuang/stripe_merge/gcc/usr/local/bin/../lib/gcc/x86_64-pc-linux-gnu/9.4.0/../../../../lib64 -L/lib/../lib64 -L/usr/lib/../lib64 -L/home/mashuang/stripe_merge/grpc/lib -L/home/mashuang/stripe_merge/gcc/usr/local/lib -L/home/mashuang/stripe_merge/grpc/lib -L/home/mashuang/stripe_merge/gcc/usr/local/lib -L. -L/home/mashuang/stripe_merge/gcc/usr/local/bin/../lib/gcc/x86_64-pc-linux-gnu/9.4.0/../../.. CMakeFiles/cmTC_a1e4f.dir/CMakeCCompilerABI.c.o -lgcc --as-needed -lgcc_s --no-as-needed -lc -lgcc --as-needed -lgcc_s --no-as-needed /home/mashuang/stripe_merge/gcc/usr/local/bin/../lib/gcc/x86_64-pc-linux-gnu/9.4.0/crtend.o /lib/../lib64/crtn.o]
    arg [/home/mashuang/stripe_merge/gcc/usr/local/bin/../libexec/gcc/x86_64-pc-linux-gnu/9.4.0/collect2] ==> ignore
    arg [-plugin] ==> ignore
    arg [/home/mashuang/stripe_merge/gcc/usr/local/bin/../libexec/gcc/x86_64-pc-linux-gnu/9.4.0/liblto_plugin.so] ==> ignore
    arg [-plugin-opt=/home/mashuang/stripe_merge/gcc/usr/local/bin/../libexec/gcc/x86_64-pc-linux-gnu/9.4.0/lto-wrapper] ==> ignore
    arg [-plugin-opt=-fresolution=/tmp/cc139IHK.res] ==> ignore
    arg [-plugin-opt=-pass-through=-lgcc] ==> ignore
    arg [-plugin-opt=-pass-through=-lgcc_s] ==> ignore
    arg [-plugin-opt=-pass-through=-lc] ==> ignore
    arg [-plugin-opt=-pass-through=-lgcc] ==> ignore
    arg [-plugin-opt=-pass-through=-lgcc_s] ==> ignore
    arg [--eh-frame-hdr] ==> ignore
    arg [-m] ==> ignore
    arg [elf_x86_64] ==> ignore
    arg [-dynamic-linker] ==> ignore
    arg [/lib64/ld-linux-x86-64.so.2] ==> ignore
    arg [-o] ==> ignore
    arg [cmTC_a1e4f] ==> ignore
    arg [/lib/../lib64/crt1.o] ==> obj [/lib/../lib64/crt1.o]
    arg [/lib/../lib64/crti.o] ==> obj [/lib/../lib64/crti.o]
    arg [/home/mashuang/stripe_merge/gcc/usr/local/bin/../lib/gcc/x86_64-pc-linux-gnu/9.4.0/crtbegin.o] ==> obj [/home/mashuang/stripe_merge/gcc/usr/local/bin/../lib/gcc/x86_64-pc-linux-gnu/9.4.0/crtbegin.o]
    arg [-L/home/mashuang/stripe_merge/gcc/usr/local/bin/../lib/gcc/x86_64-pc-linux-gnu/9.4.0] ==> dir [/home/mashuang/stripe_merge/gcc/usr/local/bin/../lib/gcc/x86_64-pc-linux-gnu/9.4.0]
    arg [-L/home/mashuang/stripe_merge/gcc/usr/local/bin/../lib/gcc] ==> dir [/home/mashuang/stripe_merge/gcc/usr/local/bin/../lib/gcc]
    arg [-L/home/mashuang/stripe_merge/grpc/lib/../lib64] ==> dir [/home/mashuang/stripe_merge/grpc/lib/../lib64]
    arg [-L/home/mashuang/stripe_merge/gcc/usr/local/lib/../lib64] ==> dir [/home/mashuang/stripe_merge/gcc/usr/local/lib/../lib64]
    arg [-L/home/mashuang/stripe_merge/grpc/lib/../lib64] ==> dir [/home/mashuang/stripe_merge/grpc/lib/../lib64]
    arg [-L/home/mashuang/stripe_merge/gcc/usr/local/lib/../lib64] ==> dir [/home/mashuang/stripe_merge/gcc/usr/local/lib/../lib64]
    arg [-L/home/mashuang/stripe_merge/gcc/usr/local/bin/../lib/gcc/x86_64-pc-linux-gnu/9.4.0/../../../../lib64] ==> dir [/home/mashuang/stripe_merge/gcc/usr/local/bin/../lib/gcc/x86_64-pc-linux-gnu/9.4.0/../../../../lib64]
    arg [-L/lib/../lib64] ==> dir [/lib/../lib64]
    arg [-L/usr/lib/../lib64] ==> dir [/usr/lib/../lib64]
    arg [-L/home/mashuang/stripe_merge/grpc/lib] ==> dir [/home/mashuang/stripe_merge/grpc/lib]
    arg [-L/home/mashuang/stripe_merge/gcc/usr/local/lib] ==> dir [/home/mashuang/stripe_merge/gcc/usr/local/lib]
    arg [-L/home/mashuang/stripe_merge/grpc/lib] ==> dir [/home/mashuang/stripe_merge/grpc/lib]
    arg [-L/home/mashuang/stripe_merge/gcc/usr/local/lib] ==> dir [/home/mashuang/stripe_merge/gcc/usr/local/lib]
    arg [-L.] ==> ignore
    arg [-L/home/mashuang/stripe_merge/gcc/usr/local/bin/../lib/gcc/x86_64-pc-linux-gnu/9.4.0/../../..] ==> dir [/home/mashuang/stripe_merge/gcc/usr/local/bin/../lib/gcc/x86_64-pc-linux-gnu/9.4.0/../../..]
    arg [CMakeFiles/cmTC_a1e4f.dir/CMakeCCompilerABI.c.o] ==> ignore
    arg [-lgcc] ==> lib [gcc]
    arg [--as-needed] ==> ignore
    arg [-lgcc_s] ==> lib [gcc_s]
    arg [--no-as-needed] ==> ignore
    arg [-lc] ==> lib [c]
    arg [-lgcc] ==> lib [gcc]
    arg [--as-needed] ==> ignore
    arg [-lgcc_s] ==> lib [gcc_s]
    arg [--no-as-needed] ==> ignore
    arg [/home/mashuang/stripe_merge/gcc/usr/local/bin/../lib/gcc/x86_64-pc-linux-gnu/9.4.0/crtend.o] ==> obj [/home/mashuang/stripe_merge/gcc/usr/local/bin/../lib/gcc/x86_64-pc-linux-gnu/9.4.0/crtend.o]
    arg [/lib/../lib64/crtn.o] ==> obj [/lib/../lib64/crtn.o]
  collapse obj [/lib/../lib64/crt1.o] ==> [/lib64/crt1.o]
  collapse obj [/lib/../lib64/crti.o] ==> [/lib64/crti.o]
  collapse obj [/home/mashuang/stripe_merge/gcc/usr/local/bin/../lib/gcc/x86_64-pc-linux-gnu/9.4.0/crtbegin.o] ==> [/home/mashuang/stripe_merge/gcc/usr/local/lib/gcc/x86_64-pc-linux-gnu/9.4.0/crtbegin.o]
  collapse obj [/home/mashuang/stripe_merge/gcc/usr/local/bin/../lib/gcc/x86_64-pc-linux-gnu/9.4.0/crtend.o] ==> [/home/mashuang/stripe_merge/gcc/usr/local/lib/gcc/x86_64-pc-linux-gnu/9.4.0/crtend.o]
  collapse obj [/lib/../lib64/crtn.o] ==> [/lib64/crtn.o]
  collapse library dir [/home/mashuang/stripe_merge/gcc/usr/local/bin/../lib/gcc/x86_64-pc-linux-gnu/9.4.0] ==> [/home/mashuang/stripe_merge/gcc/usr/local/lib/gcc/x86_64-pc-linux-gnu/9.4.0]
  collapse library dir [/home/mashuang/stripe_merge/gcc/usr/local/bin/../lib/gcc] ==> [/home/mashuang/stripe_merge/gcc/usr/local/lib/gcc]
  collapse library dir [/home/mashuang/stripe_merge/grpc/lib/../lib64] ==> [/home/mashuang/stripe_merge/grpc/lib64]
  collapse library dir [/home/mashuang/stripe_merge/gcc/usr/local/lib/../lib64] ==> [/home/mashuang/stripe_merge/gcc/usr/local/lib64]
  collapse library dir [/home/mashuang/stripe_merge/grpc/lib/../lib64] ==> [/home/mashuang/stripe_merge/grpc/lib64]
  collapse library dir [/home/mashuang/stripe_merge/gcc/usr/local/lib/../lib64] ==> [/home/mashuang/stripe_merge/gcc/usr/local/lib64]
  collapse library dir [/home/mashuang/stripe_merge/gcc/usr/local/bin/../lib/gcc/x86_64-pc-linux-gnu/9.4.0/../../../../lib64] ==> [/home/mashuang/stripe_merge/gcc/usr/local/lib64]
  collapse library dir [/lib/../lib64] ==> [/lib64]
  collapse library dir [/usr/lib/../lib64] ==> [/usr/lib64]
  collapse library dir [/home/mashuang/stripe_merge/grpc/lib] ==> [/home/mashuang/stripe_merge/grpc/lib]
  collapse library dir [/home/mashuang/stripe_merge/gcc/usr/local/lib] ==> [/home/mashuang/stripe_merge/gcc/usr/local/lib]
  collapse library dir [/home/mashuang/stripe_merge/grpc/lib] ==> [/home/mashuang/stripe_merge/grpc/lib]
  collapse library dir [/home/mashuang/stripe_merge/gcc/usr/local/lib] ==> [/home/mashuang/stripe_merge/gcc/usr/local/lib]
  collapse library dir [/home/mashuang/stripe_merge/gcc/usr/local/bin/../lib/gcc/x86_64-pc-linux-gnu/9.4.0/../../..] ==> [/home/mashuang/stripe_merge/gcc/usr/local/lib]
  implicit libs: [gcc;gcc_s;c;gcc;gcc_s]
  implicit objs: [/lib64/crt1.o;/lib64/crti.o;/home/mashuang/stripe_merge/gcc/usr/local/lib/gcc/x86_64-pc-linux-gnu/9.4.0/crtbegin.o;/home/mashuang/stripe_merge/gcc/usr/local/lib/gcc/x86_64-pc-linux-gnu/9.4.0/crtend.o;/lib64/crtn.o]
  implicit dirs: [/home/mashuang/stripe_merge/gcc/usr/local/lib/gcc/x86_64-pc-linux-gnu/9.4.0;/home/mashuang/stripe_merge/gcc/usr/local/lib/gcc;/home/mashuang/stripe_merge/grpc/lib64;/home/mashuang/stripe_merge/gcc/usr/local/lib64;/lib64;/usr/lib64;/home/mashuang/stripe_merge/grpc/lib;/home/mashuang/stripe_merge/gcc/usr/local/lib]
  implicit fwks: []


Detecting CXX compiler ABI info compiled with the following output:
Change Dir: /home/mashuang/OOPPO/build/CMakeFiles/CMakeTmp

Run Build Command(s):/usr/bin/gmake -f Makefile cmTC_e6944/fast && /usr/bin/gmake  -f CMakeFiles/cmTC_e6944.dir/build.make CMakeFiles/cmTC_e6944.dir/build
gmake[1]: Entering directory `/home/mashuang/OOPPO/build/CMakeFiles/CMakeTmp'
Building CXX object CMakeFiles/cmTC_e6944.dir/CMakeCXXCompilerABI.cpp.o
/home/mashuang/stripe_merge/gcc/usr/local/bin/g++   -v -o CMakeFiles/cmTC_e6944.dir/CMakeCXXCompilerABI.cpp.o -c /home/mashuang/stripe_merge/cmake/share/cmake-3.22/Modules/CMakeCXXCompilerABI.cpp
Using built-in specs.
COLLECT_GCC=/home/mashuang/stripe_merge/gcc/usr/local/bin/g++
Target: x86_64-pc-linux-gnu
Configured with: ./configure -enable-checking=release -enable-languages=c,c++ -disable-multilib
Thread model: posix
gcc version 9.4.0 (GCC) 
COLLECT_GCC_OPTIONS='-v' '-o' 'CMakeFiles/cmTC_e6944.dir/CMakeCXXCompilerABI.cpp.o' '-c' '-shared-libgcc' '-mtune=generic' '-march=x86-64'
 /home/mashuang/stripe_merge/gcc/usr/local/bin/../libexec/gcc/x86_64-pc-linux-gnu/9.4.0/cc1plus -quiet -v -iprefix /home/mashuang/stripe_merge/gcc/usr/local/bin/../lib/gcc/x86_64-pc-linux-gnu/9.4.0/ -D_GNU_SOURCE /home/mashuang/stripe_merge/cmake/share/cmake-3.22/Modules/CMakeCXXCompilerABI.cpp -quiet -dumpbase CMakeCXXCompilerABI.cpp -mtune=generic -march=x86-64 -auxbase-strip CMakeFiles/cmTC_e6944.dir/CMakeCXXCompilerABI.cpp.o -version -o /tmp/cckE6t5Q.s
GNU C++14 (GCC) version 9.4.0 (x86_64-pc-linux-gnu)
	compiled by GNU C version 9.4.0, GMP version 6.1.0, MPFR version 3.1.4, MPC version 1.0.3, isl version isl-0.18-GMP

GGC heuristics: --param ggc-min-expand=100 --param ggc-min-heapsize=131072
ignoring nonexistent directory "/home/mashuang/stripe_merge/gcc/usr/local/bin/../lib/gcc/x86_64-pc-linux-gnu/9.4.0/../../../../x86_64-pc-linux-gnu/include"
ignoring duplicate directory "/home/mashuang/stripe_merge/gcc/usr/local/bin/../lib/gcc/../../lib/gcc/x86_64-pc-linux-gnu/9.4.0/../../../../include/c++/9.4.0"
ignoring duplicate directory "/home/mashuang/stripe_merge/gcc/usr/local/bin/../lib/gcc/../../lib/gcc/x86_64-pc-linux-gnu/9.4.0/../../../../include/c++/9.4.0/x86_64-pc-linux-gnu"
ignoring duplicate directory "/home/mashuang/stripe_merge/gcc/usr/local/bin/../lib/gcc/../../lib/gcc/x86_64-pc-linux-gnu/9.4.0/../../../../include/c++/9.4.0/backward"
ignoring duplicate directory "/home/mashuang/stripe_merge/gcc/usr/local/bin/../lib/gcc/../../lib/gcc/x86_64-pc-linux-gnu/9.4.0/include"
ignoring duplicate directory "/home/mashuang/stripe_merge/gcc/usr/local/bin/../lib/gcc/../../lib/gcc/x86_64-pc-linux-gnu/9.4.0/include-fixed"
ignoring nonexistent directory "/home/mashuang/stripe_merge/gcc/usr/local/bin/../lib/gcc/../../lib/gcc/x86_64-pc-linux-gnu/9.4.0/../../../../x86_64-pc-linux-gnu/include"
#include "..." search starts here:
#include <...> search starts here:
 /home/mashuang/stripe_merge/gcc/usr/local/bin/../lib/gcc/x86_64-pc-linux-gnu/9.4.0/../../../../include/c++/9.4.0
 /home/mashuang/stripe_merge/gcc/usr/local/bin/../lib/gcc/x86_64-pc-linux-gnu/9.4.0/../../../../include/c++/9.4.0/x86_64-pc-linux-gnu
 /home/mashuang/stripe_merge/gcc/usr/local/bin/../lib/gcc/x86_64-pc-linux-gnu/9.4.0/../../../../include/c++/9.4.0/backward
 /home/mashuang/stripe_merge/gcc/usr/local/bin/../lib/gcc/x86_64-pc-linux-gnu/9.4.0/include
 /home/mashuang/stripe_merge/gcc/usr/local/bin/../lib/gcc/x86_64-pc-linux-gnu/9.4.0/include-fixed
 /usr/local/include
 /usr/include
End of search list.
GNU C++14 (GCC) version 9.4.0 (x86_64-pc-linux-gnu)
	compiled by GNU C version 9.4.0, GMP version 6.1.0, MPFR version 3.1.4, MPC version 1.0.3, isl version isl-0.18-GMP

GGC heuristics: --param ggc-min-expand=100 --param ggc-min-heapsize=131072
Compiler executable checksum: c9ae628f4624ea821232d90e31f93c8d
COLLECT_GCC_OPTIONS='-v' '-o' 'CMakeFiles/cmTC_e6944.dir/CMakeCXXCompilerABI.cpp.o' '-c' '-shared-libgcc' '-mtune=generic' '-march=x86-64'
 as -v --64 -o CMakeFiles/cmTC_e6944.dir/CMakeCXXCompilerABI.cpp.o /tmp/cckE6t5Q.s
GNU assembler version 2.27 (x86_64-redhat-linux) using BFD version version 2.27-41.base.el7_7.2
COMPILER_PATH=/home/mashuang/stripe_merge/gcc/usr/local/bin/../libexec/gcc/x86_64-pc-linux-gnu/9.4.0/:/home/mashuang/stripe_merge/gcc/usr/local/bin/../libexec/gcc/
LIBRARY_PATH=/home/mashuang/stripe_merge/gcc/usr/local/bin/../lib/gcc/x86_64-pc-linux-gnu/9.4.0/:/home/mashuang/stripe_merge/gcc/usr/local/bin/../lib/gcc/:/home/mashuang/stripe_merge/grpc/lib/../lib64/:/home/mashuang/stripe_merge/gcc/usr/local/lib/../lib64/:/home/mashuang/stripe_merge/grpc/lib/../lib64/:/home/mashuang/stripe_merge/gcc/usr/local/lib/../lib64/:/home/mashuang/stripe_merge/gcc/usr/local/bin/../lib/gcc/x86_64-pc-linux-gnu/9.4.0/../../../../lib64/:/lib/../lib64/:/usr/lib/../lib64/:/home/mashuang/stripe_merge/grpc/lib/:/home/mashuang/stripe_merge/gcc/usr/local/lib/:/home/mashuang/stripe_merge/grpc/lib/:/home/mashuang/stripe_merge/gcc/usr/local/lib/:./:/home/mashuang/stripe_merge/gcc/usr/local/bin/../lib/gcc/x86_64-pc-linux-gnu/9.4.0/../../../:/lib/:/usr/lib/
COLLECT_GCC_OPTIONS='-v' '-o' 'CMakeFiles/cmTC_e6944.dir/CMakeCXXCompilerABI.cpp.o' '-c' '-shared-libgcc' '-mtune=generic' '-march=x86-64'
Linking CXX executable cmTC_e6944
/home/mashuang/stripe_merge/cmake/bin/cmake -E cmake_link_script CMakeFiles/cmTC_e6944.dir/link.txt --verbose=1
/home/mashuang/stripe_merge/gcc/usr/local/bin/g++  -v CMakeFiles/cmTC_e6944.dir/CMakeCXXCompilerABI.cpp.o -o cmTC_e6944 
Using built-in specs.
COLLECT_GCC=/home/mashuang/stripe_merge/gcc/usr/local/bin/g++
COLLECT_LTO_WRAPPER=/home/mashuang/stripe_merge/gcc/usr/local/bin/../libexec/gcc/x86_64-pc-linux-gnu/9.4.0/lto-wrapper
Target: x86_64-pc-linux-gnu
Configured with: ./configure -enable-checking=release -enable-languages=c,c++ -disable-multilib
Thread model: posix
gcc version 9.4.0 (GCC) 
COMPILER_PATH=/home/mashuang/stripe_merge/gcc/usr/local/bin/../libexec/gcc/x86_64-pc-linux-gnu/9.4.0/:/home/mashuang/stripe_merge/gcc/usr/local/bin/../libexec/gcc/
LIBRARY_PATH=/home/mashuang/stripe_merge/gcc/usr/local/bin/../lib/gcc/x86_64-pc-linux-gnu/9.4.0/:/home/mashuang/stripe_merge/gcc/usr/local/bin/../lib/gcc/:/home/mashuang/stripe_merge/grpc/lib/../lib64/:/home/mashuang/stripe_merge/gcc/usr/local/lib/../lib64/:/home/mashuang/stripe_merge/grpc/lib/../lib64/:/home/mashuang/stripe_merge/gcc/usr/local/lib/../lib64/:/home/mashuang/stripe_merge/gcc/usr/local/bin/../lib/gcc/x86_64-pc-linux-gnu/9.4.0/../../../../lib64/:/lib/../lib64/:/usr/lib/../lib64/:/home/mashuang/stripe_merge/grpc/lib/:/home/mashuang/stripe_merge/gcc/usr/local/lib/:/home/mashuang/stripe_merge/grpc/lib/:/home/mashuang/stripe_merge/gcc/usr/local/lib/:./:/home/mashuang/stripe_merge/gcc/usr/local/bin/../lib/gcc/x86_64-pc-linux-gnu/9.4.0/../../../:/lib/:/usr/lib/
COLLECT_GCC_OPTIONS='-v' '-o' 'cmTC_e6944' '-shared-libgcc' '-mtune=generic' '-march=x86-64'
 /home/mashuang/stripe_merge/gcc/usr/local/bin/../libexec/gcc/x86_64-pc-linux-gnu/9.4.0/collect2 -plugin /home/mashuang/stripe_merge/gcc/usr/local/bin/../libexec/gcc/x86_64-pc-linux-gnu/9.4.0/liblto_plugin.so -plugin-opt=/home/mashuang/stripe_merge/gcc/usr/local/bin/../libexec/gcc/x86_64-pc-linux-gnu/9.4.0/lto-wrapper -plugin-opt=-fresolution=/tmp/ccB7NDuZ.res -plugin-opt=-pass-through=-lgcc_s -plugin-opt=-pass-through=-lgcc -plugin-opt=-pass-through=-lc -plugin-opt=-pass-through=-lgcc_s -plugin-opt=-pass-through=-lgcc --eh-frame-hdr -m elf_x86_64 -dynamic-linker /lib64/ld-linux-x86-64.so.2 -o cmTC_e6944 /lib/../lib64/crt1.o /lib/../lib64/crti.o /home/mashuang/stripe_merge/gcc/usr/local/bin/../lib/gcc/x86_64-pc-linux-gnu/9.4.0/crtbegin.o -L/home/mashuang/stripe_merge/gcc/usr/local/bin/../lib/gcc/x86_64-pc-linux-gnu/9.4.0 -L/home/mashuang/stripe_merge/gcc/usr/local/bin/../lib/gcc -L/home/mashuang/stripe_merge/grpc/lib/../lib64 -L/home/mashuang/stripe_merge/gcc/usr/local/lib/../lib64 -L/home/mashuang/stripe_merge/grpc/lib/../lib64 -L/home/mashuang/stripe_merge/gcc/usr/local/lib/../lib64 -L/home/mashuang/stripe_merge/gcc/usr/local/bin/../lib/gcc/x86_64-pc-linux-gnu/9.4.0/../../../../lib64 -L/lib/../lib64 -L/usr/lib/../lib64 -L/home/mashuang/stripe_merge/grpc/lib -L/home/mashuang/stripe_merge/gcc/usr/local/lib -L/home/mashuang/stripe_merge/grpc/lib -L/home/mashuang/stripe_merge/gcc/usr/local/lib -L. -L/home/mashuang/stripe_merge/gcc/usr/local/bin/../lib/gcc/x86_64-pc-linux-gnu/9.4.0/../../.. CMakeFiles/cmTC_e6944.dir/CMakeCXXCompilerABI.cpp.o -lstdc++ -lm -lgcc_s -lgcc -lc -lgcc_s -lgcc /home/mashuang/stripe_merge/gcc/usr/local/bin/../lib/gcc/x86_64-pc-linux-gnu/9.4.0/crtend.o /lib/../lib64/crtn.o
COLLECT_GCC_OPTIONS='-v' '-o' 'cmTC_e6944' '-shared-libgcc' '-mtune=generic' '-march=x86-64'
gmake[1]: Leaving directory `/home/mashuang/OOPPO/build/CMakeFiles/CMakeTmp'



Parsed CXX implicit include dir info from above output: rv=done
  found start of include info
  found start of implicit include info
    add: [/home/mashuang/stripe_merge/gcc/usr/local/bin/../lib/gcc/x86_64-pc-linux-gnu/9.4.0/../../../../include/c++/9.4.0]
    add: [/home/mashuang/stripe_merge/gcc/usr/local/bin/../lib/gcc/x86_64-pc-linux-gnu/9.4.0/../../../../include/c++/9.4.0/x86_64-pc-linux-gnu]
    add: [/home/mashuang/stripe_merge/gcc/usr/local/bin/../lib/gcc/x86_64-pc-linux-gnu/9.4.0/../../../../include/c++/9.4.0/backward]
    add: [/home/mashuang/stripe_merge/gcc/usr/local/bin/../lib/gcc/x86_64-pc-linux-gnu/9.4.0/include]
    add: [/home/mashuang/stripe_merge/gcc/usr/local/bin/../lib/gcc/x86_64-pc-linux-gnu/9.4.0/include-fixed]
    add: [/usr/local/include]
    add: [/usr/include]
  end of search list found
  collapse include dir [/home/mashuang/stripe_merge/gcc/usr/local/bin/../lib/gcc/x86_64-pc-linux-gnu/9.4.0/../../../../include/c++/9.4.0] ==> [/home/mashuang/stripe_merge/gcc/usr/local/include/c++/9.4.0]
  collapse include dir [/home/mashuang/stripe_merge/gcc/usr/local/bin/../lib/gcc/x86_64-pc-linux-gnu/9.4.0/../../../../include/c++/9.4.0/x86_64-pc-linux-gnu] ==> [/home/mashuang/stripe_merge/gcc/usr/local/include/c++/9.4.0/x86_64-pc-linux-gnu]
  collapse include dir [/home/mashuang/stripe_merge/gcc/usr/local/bin/../lib/gcc/x86_64-pc-linux-gnu/9.4.0/../../../../include/c++/9.4.0/backward] ==> [/home/mashuang/stripe_merge/gcc/usr/local/include/c++/9.4.0/backward]
  collapse include dir [/home/mashuang/stripe_merge/gcc/usr/local/bin/../lib/gcc/x86_64-pc-linux-gnu/9.4.0/include] ==> [/home/mashuang/stripe_merge/gcc/usr/local/lib/gcc/x86_64-pc-linux-gnu/9.4.0/include]
  collapse include dir [/home/mashuang/stripe_merge/gcc/usr/local/bin/../lib/gcc/x86_64-pc-linux-gnu/9.4.0/include-fixed] ==> [/home/mashuang/stripe_merge/gcc/usr/local/lib/gcc/x86_64-pc-linux-gnu/9.4.0/include-fixed]
  collapse include dir [/usr/local/include] ==> [/usr/local/include]
  collapse include dir [/usr/include] ==> [/usr/include]
  implicit include dirs: [/home/mashuang/stripe_merge/gcc/usr/local/include/c++/9.4.0;/home/mashuang/stripe_merge/gcc/usr/local/include/c++/9.4.0/x86_64-pc-linux-gnu;/home/mashuang/stripe_merge/gcc/usr/local/include/c++/9.4.0/backward;/home/mashuang/stripe_merge/gcc/usr/local/lib/gcc/x86_64-pc-linux-gnu/9.4.0/include;/home/mashuang/stripe_merge/gcc/usr/local/lib/gcc/x86_64-pc-linux-gnu/9.4.0/include-fixed;/usr/local/include;/usr/include]


Parsed CXX implicit link information from above output:
  link line regex: [^( *|.*[/\])(ld|CMAKE_LINK_STARTFILE-NOTFOUND|([^/\]+-)?ld|collect2)[^/\]*( |$)]
  ignore line: [Change Dir: /home/mashuang/OOPPO/build/CMakeFiles/CMakeTmp]
  ignore line: []
  ignore line: [Run Build Command(s):/usr/bin/gmake -f Makefile cmTC_e6944/fast && /usr/bin/gmake  -f CMakeFiles/cmTC_e6944.dir/build.make CMakeFiles/cmTC_e6944.dir/build]
  ignore line: [gmake[1]: Entering directory `/home/mashuang/OOPPO/build/CMakeFiles/CMakeTmp']
  ignore line: [Building CXX object CMakeFiles/cmTC_e6944.dir/CMakeCXXCompilerABI.cpp.o]
  ignore line: [/home/mashuang/stripe_merge/gcc/usr/local/bin/g++   -v -o CMakeFiles/cmTC_e6944.dir/CMakeCXXCompilerABI.cpp.o -c /home/mashuang/stripe_merge/cmake/share/cmake-3.22/Modules/CMakeCXXCompilerABI.cpp]
  ignore line: [Using built-in specs.]
  ignore line: [COLLECT_GCC=/home/mashuang/stripe_merge/gcc/usr/local/bin/g++]
  ignore line: [Target: x86_64-pc-linux-gnu]
  ignore line: [Configured with: ./configure -enable-checking=release -enable-languages=c c++ -disable-multilib]
  ignore line: [Thread model: posix]
  ignore line: [gcc version 9.4.0 (GCC) ]
  ignore line: [COLLECT_GCC_OPTIONS='-v' '-o' 'CMakeFiles/cmTC_e6944.dir/CMakeCXXCompilerABI.cpp.o' '-c' '-shared-libgcc' '-mtune=generic' '-march=x86-64']
  ignore line: [ /home/mashuang/stripe_merge/gcc/usr/local/bin/../libexec/gcc/x86_64-pc-linux-gnu/9.4.0/cc1plus -quiet -v -iprefix /home/mashuang/stripe_merge/gcc/usr/local/bin/../lib/gcc/x86_64-pc-linux-gnu/9.4.0/ -D_GNU_SOURCE /home/mashuang/stripe_merge/cmake/share/cmake-3.22/Modules/CMakeCXXCompilerABI.cpp -quiet -dumpbase CMakeCXXCompilerABI.cpp -mtune=generic -march=x86-64 -auxbase-strip CMakeFiles/cmTC_e6944.dir/CMakeCXXCompilerABI.cpp.o -version -o /tmp/cckE6t5Q.s]
  ignore line: [GNU C++14 (GCC) version 9.4.0 (x86_64-pc-linux-gnu)]
  ignore line: [	compiled by GNU C version 9.4.0  GMP version 6.1.0  MPFR version 3.1.4  MPC version 1.0.3  isl version isl-0.18-GMP]
  ignore line: []
  ignore line: [GGC heuristics: --param ggc-min-expand=100 --param ggc-min-heapsize=131072]
  ignore line: [ignoring nonexistent directory "/home/mashuang/stripe_merge/gcc/usr/local/bin/../lib/gcc/x86_64-pc-linux-gnu/9.4.0/../../../../x86_64-pc-linux-gnu/include"]
  ignore line: [ignoring duplicate directory "/home/mashuang/stripe_merge/gcc/usr/local/bin/../lib/gcc/../../lib/gcc/x86_64-pc-linux-gnu/9.4.0/../../../../include/c++/9.4.0"]
  ignore line: [ignoring duplicate directory "/home/mashuang/stripe_merge/gcc/usr/local/bin/../lib/gcc/../../lib/gcc/x86_64-pc-linux-gnu/9.4.0/../../../../include/c++/9.4.0/x86_64-pc-linux-gnu"]
  ignore line: [ignoring duplicate directory "/home/mashuang/stripe_merge/gcc/usr/local/bin/../lib/gcc/../../lib/gcc/x86_64-pc-linux-gnu/9.4.0/../../../../include/c++/9.4.0/backward"]
  ignore line: [ignoring duplicate directory "/home/mashuang/stripe_merge/gcc/usr/local/bin/../lib/gcc/../../lib/gcc/x86_64-pc-linux-gnu/9.4.0/include"]
  ignore line: [ignoring duplicate directory "/home/mashuang/stripe_merge/gcc/usr/local/bin/../lib/gcc/../../lib/gcc/x86_64-pc-linux-gnu/9.4.0/include-fixed"]
  ignore line: [ignoring nonexistent directory "/home/mashuang/stripe_merge/gcc/usr/local/bin/../lib/gcc/../../lib/gcc/x86_64-pc-linux-gnu/9.4.0/../../../../x86_64-pc-linux-gnu/include"]
  ignore line: [#include "..." search starts here:]
  ignore line: [#include <...> search starts here:]
  ignore line: [ /home/mashuang/stripe_merge/gcc/usr/local/bin/../lib/gcc/x86_64-pc-linux-gnu/9.4.0/../../../../include/c++/9.4.0]
  ignore line: [ /home/mashuang/stripe_merge/gcc/usr/local/bin/../lib/gcc/x86_64-pc-linux-gnu/9.4.0/../../../../include/c++/9.4.0/x86_64-pc-linux-gnu]
  ignore line: [ /home/mashuang/stripe_merge/gcc/usr/local/bin/../lib/gcc/x86_64-pc-linux-gnu/9.4.0/../../../../include/c++/9.4.0/backward]
  ignore line: [ /home/mashuang/stripe_merge/gcc/usr/local/bin/../lib/gcc/x86_64-pc-linux-gnu/9.4.0/include]
  ignore line: [ /home/mashuang/stripe_merge/gcc/usr/local/bin/../lib/gcc/x86_64-pc-linux-gnu/9.4.0/include-fixed]
  ignore line: [ /usr/local/include]
  ignore line: [ /usr/include]
  ignore line: [End of search list.]
  ignore line: [GNU C++14 (GCC) version 9.4.0 (x86_64-pc-linux-gnu)]
  ignore line: [	compiled by GNU C version 9.4.0  GMP version 6.1.0  MPFR version 3.1.4  MPC version 1.0.3  isl version isl-0.18-GMP]
  ignore line: []
  ignore line: [GGC heuristics: --param ggc-min-expand=100 --param ggc-min-heapsize=131072]
  ignore line: [Compiler executable checksum: c9ae628f4624ea821232d90e31f93c8d]
  ignore line: [COLLECT_GCC_OPTIONS='-v' '-o' 'CMakeFiles/cmTC_e6944.dir/CMakeCXXCompilerABI.cpp.o' '-c' '-shared-libgcc' '-mtune=generic' '-march=x86-64']
  ignore line: [ as -v --64 -o CMakeFiles/cmTC_e6944.dir/CMakeCXXCompilerABI.cpp.o /tmp/cckE6t5Q.s]
  ignore line: [GNU assembler version 2.27 (x86_64-redhat-linux) using BFD version version 2.27-41.base.el7_7.2]
  ignore line: [COMPILER_PATH=/home/mashuang/stripe_merge/gcc/usr/local/bin/../libexec/gcc/x86_64-pc-linux-gnu/9.4.0/:/home/mashuang/stripe_merge/gcc/usr/local/bin/../libexec/gcc/]
  ignore line: [LIBRARY_PATH=/home/mashuang/stripe_merge/gcc/usr/local/bin/../lib/gcc/x86_64-pc-linux-gnu/9.4.0/:/home/mashuang/stripe_merge/gcc/usr/local/bin/../lib/gcc/:/home/mashuang/stripe_merge/grpc/lib/../lib64/:/home/mashuang/stripe_merge/gcc/usr/local/lib/../lib64/:/home/mashuang/stripe_merge/grpc/lib/../lib64/:/home/mashuang/stripe_merge/gcc/usr/local/lib/../lib64/:/home/mashuang/stripe_merge/gcc/usr/local/bin/../lib/gcc/x86_64-pc-linux-gnu/9.4.0/../../../../lib64/:/lib/../lib64/:/usr/lib/../lib64/:/home/mashuang/stripe_merge/grpc/lib/:/home/mashuang/stripe_merge/gcc/usr/local/lib/:/home/mashuang/stripe_merge/grpc/lib/:/home/mashuang/stripe_merge/gcc/usr/local/lib/:./:/home/mashuang/stripe_merge/gcc/usr/local/bin/../lib/gcc/x86_64-pc-linux-gnu/9.4.0/../../../:/lib/:/usr/lib/]
  ignore line: [COLLECT_GCC_OPTIONS='-v' '-o' 'CMakeFiles/cmTC_e6944.dir/CMakeCXXCompilerABI.cpp.o' '-c' '-shared-libgcc' '-mtune=generic' '-march=x86-64']
  ignore line: [Linking CXX executable cmTC_e6944]
  ignore line: [/home/mashuang/stripe_merge/cmake/bin/cmake -E cmake_link_script CMakeFiles/cmTC_e6944.dir/link.txt --verbose=1]
  ignore line: [/home/mashuang/stripe_merge/gcc/usr/local/bin/g++  -v CMakeFiles/cmTC_e6944.dir/CMakeCXXCompilerABI.cpp.o -o cmTC_e6944 ]
  ignore line: [Using built-in specs.]
  ignore line: [COLLECT_GCC=/home/mashuang/stripe_merge/gcc/usr/local/bin/g++]
  ignore line: [COLLECT_LTO_WRAPPER=/home/mashuang/stripe_merge/gcc/usr/local/bin/../libexec/gcc/x86_64-pc-linux-gnu/9.4.0/lto-wrapper]
  ignore line: [Target: x86_64-pc-linux-gnu]
  ignore line: [Configured with: ./configure -enable-checking=release -enable-languages=c c++ -disable-multilib]
  ignore line: [Thread model: posix]
  ignore line: [gcc version 9.4.0 (GCC) ]
  ignore line: [COMPILER_PATH=/home/mashuang/stripe_merge/gcc/usr/local/bin/../libexec/gcc/x86_64-pc-linux-gnu/9.4.0/:/home/mashuang/stripe_merge/gcc/usr/local/bin/../libexec/gcc/]
  ignore line: [LIBRARY_PATH=/home/mashuang/stripe_merge/gcc/usr/local/bin/../lib/gcc/x86_64-pc-linux-gnu/9.4.0/:/home/mashuang/stripe_merge/gcc/usr/local/bin/../lib/gcc/:/home/mashuang/stripe_merge/grpc/lib/../lib64/:/home/mashuang/stripe_merge/gcc/usr/local/lib/../lib64/:/home/mashuang/stripe_merge/grpc/lib/../lib64/:/home/mashuang/stripe_merge/gcc/usr/local/lib/../lib64/:/home/mashuang/stripe_merge/gcc/usr/local/bin/../lib/gcc/x86_64-pc-linux-gnu/9.4.0/../../../../lib64/:/lib/../lib64/:/usr/lib/../lib64/:/home/mashuang/stripe_merge/grpc/lib/:/home/mashuang/stripe_merge/gcc/usr/local/lib/:/home/mashuang/stripe_merge/grpc/lib/:/home/mashuang/stripe_merge/gcc/usr/local/lib/:./:/home/mashuang/stripe_merge/gcc/usr/local/bin/../lib/gcc/x86_64-pc-linux-gnu/9.4.0/../../../:/lib/:/usr/lib/]
  ignore line: [COLLECT_GCC_OPTIONS='-v' '-o' 'cmTC_e6944' '-shared-libgcc' '-mtune=generic' '-march=x86-64']
  link line: [ /home/mashuang/stripe_merge/gcc/usr/local/bin/../libexec/gcc/x86_64-pc-linux-gnu/9.4.0/collect2 -plugin /home/mashuang/stripe_merge/gcc/usr/local/bin/../libexec/gcc/x86_64-pc-linux-gnu/9.4.0/liblto_plugin.so -plugin-opt=/home/mashuang/stripe_merge/gcc/usr/local/bin/../libexec/gcc/x86_64-pc-linux-gnu/9.4.0/lto-wrapper -plugin-opt=-fresolution=/tmp/ccB7NDuZ.res -plugin-opt=-pass-through=-lgcc_s -plugin-opt=-pass-through=-lgcc -plugin-opt=-pass-through=-lc -plugin-opt=-pass-through=-lgcc_s -plugin-opt=-pass-through=-lgcc --eh-frame-hdr -m elf_x86_64 -dynamic-linker /lib64/ld-linux-x86-64.so.2 -o cmTC_e6944 /lib/../lib64/crt1.o /lib/../lib64/crti.o /home/mashuang/stripe_merge/gcc/usr/local/bin/../lib/gcc/x86_64-pc-linux-gnu/9.4.0/crtbegin.o -L/home/mashuang/stripe_merge/gcc/usr/local/bin/../lib/gcc/x86_64-pc-linux-gnu/9.4.0 -L/home/mashuang/stripe_merge/gcc/usr/local/bin/../lib/gcc -L/home/mashuang/stripe_merge/grpc/lib/../lib64 -L/home/mashuang/stripe_merge/gcc/usr/local/lib/../lib64 -L/home/mashuang/stripe_merge/grpc/lib/../lib64 -L/home/mashuang/stripe_merge/gcc/usr/local/lib/../lib64 -L/home/mashuang/stripe_merge/gcc/usr/local/bin/../lib/gcc/x86_64-pc-linux-gnu/9.4.0/../../../../lib64 -L/lib/../lib64 -L/usr/lib/../lib64 -L/home/mashuang/stripe_merge/grpc/lib -L/home/mashuang/stripe_merge/gcc/usr/local/lib -L/home/mashuang/stripe_merge/grpc/lib -L/home/mashuang/stripe_merge/gcc/usr/local/lib -L. -L/home/mashuang/stripe_merge/gcc/usr/local/bin/../lib/gcc/x86_64-pc-linux-gnu/9.4.0/../../.. CMakeFiles/cmTC_e6944.dir/CMakeCXXCompilerABI.cpp.o -lstdc++ -lm -lgcc_s -lgcc -lc -lgcc_s -lgcc /home/mashuang/stripe_merge/gcc/usr/local/bin/../lib/gcc/x86_64-pc-linux-gnu/9.4.0/crtend.o /lib/../lib64/crtn.o]
    arg [/home/mashuang/stripe_merge/gcc/usr/local/bin/../libexec/gcc/x86_64-pc-linux-gnu/9.4.0/collect2] ==> ignore
    arg [-plugin] ==> ignore
    arg [/home/mashuang/stripe_merge/gcc/usr/local/bin/../libexec/gcc/x86_64-pc-linux-gnu/9.4.0/liblto_plugin.so] ==> ignore
    arg [-plugin-opt=/home/mashuang/stripe_merge/gcc/usr/local/bin/../libexec/gcc/x86_64-pc-linux-gnu/9.4.0/lto-wrapper] ==> ignore
    arg [-plugin-opt=-fresolution=/tmp/ccB7NDuZ.res] ==> ignore
    arg [-plugin-opt=-pass-through=-lgcc_s] ==> ignore
    arg [-plugin-opt=-pass-through=-lgcc] ==> ignore
    arg [-plugin-opt=-pass-through=-lc] ==> ignore
    arg [-plugin-opt=-pass-through=-lgcc_s] ==> ignore
    arg [-plugin-opt=-pass-through=-lgcc] ==> ignore
    arg [--eh-frame-hdr] ==> ignore
    arg [-m] ==> ignore
    arg [elf_x86_64] ==> ignore
    arg [-dynamic-linker] ==> ignore
    arg [/lib64/ld-linux-x86-64.so.2] ==> ignore
    arg [-o] ==> ignore
    arg [cmTC_e6944] ==> ignore
    arg [/lib/../lib64/crt1.o] ==> obj [/lib/../lib64/crt1.o]
    arg [/lib/../lib64/crti.o] ==> obj [/lib/../lib64/crti.o]
    arg [/home/mashuang/stripe_merge/gcc/usr/local/bin/../lib/gcc/x86_64-pc-linux-gnu/9.4.0/crtbegin.o] ==> obj [/home/mashuang/stripe_merge/gcc/usr/local/bin/../lib/gcc/x86_64-pc-linux-gnu/9.4.0/crtbegin.o]
    arg [-L/home/mashuang/stripe_merge/gcc/usr/local/bin/../lib/gcc/x86_64-pc-linux-gnu/9.4.0] ==> dir [/home/mashuang/stripe_merge/gcc/usr/local/bin/../lib/gcc/x86_64-pc-linux-gnu/9.4.0]
    arg [-L/home/mashuang/stripe_merge/gcc/usr/local/bin/../lib/gcc] ==> dir [/home/mashuang/stripe_merge/gcc/usr/local/bin/../lib/gcc]
    arg [-L/home/mashuang/stripe_merge/grpc/lib/../lib64] ==> dir [/home/mashuang/stripe_merge/grpc/lib/../lib64]
    arg [-L/home/mashuang/stripe_merge/gcc/usr/local/lib/../lib64] ==> dir [/home/mashuang/stripe_merge/gcc/usr/local/lib/../lib64]
    arg [-L/home/mashuang/stripe_merge/grpc/lib/../lib64] ==> dir [/home/mashuang/stripe_merge/grpc/lib/../lib64]
    arg [-L/home/mashuang/stripe_merge/gcc/usr/local/lib/../lib64] ==> dir [/home/mashuang/stripe_merge/gcc/usr/local/lib/../lib64]
    arg [-L/home/mashuang/stripe_merge/gcc/usr/local/bin/../lib/gcc/x86_64-pc-linux-gnu/9.4.0/../../../../lib64] ==> dir [/home/mashuang/stripe_merge/gcc/usr/local/bin/../lib/gcc/x86_64-pc-linux-gnu/9.4.0/../../../../lib64]
    arg [-L/lib/../lib64] ==> dir [/lib/../lib64]
    arg [-L/usr/lib/../lib64] ==> dir [/usr/lib/../lib64]
    arg [-L/home/mashuang/stripe_merge/grpc/lib] ==> dir [/home/mashuang/stripe_merge/grpc/lib]
    arg [-L/home/mashuang/stripe_merge/gcc/usr/local/lib] ==> dir [/home/mashuang/stripe_merge/gcc/usr/local/lib]
    arg [-L/home/mashuang/stripe_merge/grpc/lib] ==> dir [/home/mashuang/stripe_merge/grpc/lib]
    arg [-L/home/mashuang/stripe_merge/gcc/usr/local/lib] ==> dir [/home/mashuang/stripe_merge/gcc/usr/local/lib]
    arg [-L.] ==> ignore
    arg [-L/home/mashuang/stripe_merge/gcc/usr/local/bin/../lib/gcc/x86_64-pc-linux-gnu/9.4.0/../../..] ==> dir [/home/mashuang/stripe_merge/gcc/usr/local/bin/../lib/gcc/x86_64-pc-linux-gnu/9.4.0/../../..]
    arg [CMakeFiles/cmTC_e6944.dir/CMakeCXXCompilerABI.cpp.o] ==> ignore
    arg [-lstdc++] ==> lib [stdc++]
    arg [-lm] ==> lib [m]
    arg [-lgcc_s] ==> lib [gcc_s]
    arg [-lgcc] ==> lib [gcc]
    arg [-lc] ==> lib [c]
    arg [-lgcc_s] ==> lib [gcc_s]
    arg [-lgcc] ==> lib [gcc]
    arg [/home/mashuang/stripe_merge/gcc/usr/local/bin/../lib/gcc/x86_64-pc-linux-gnu/9.4.0/crtend.o] ==> obj [/home/mashuang/stripe_merge/gcc/usr/local/bin/../lib/gcc/x86_64-pc-linux-gnu/9.4.0/crtend.o]
    arg [/lib/../lib64/crtn.o] ==> obj [/lib/../lib64/crtn.o]
  collapse obj [/lib/../lib64/crt1.o] ==> [/lib64/crt1.o]
  collapse obj [/lib/../lib64/crti.o] ==> [/lib64/crti.o]
  collapse obj [/home/mashuang/stripe_merge/gcc/usr/local/bin/../lib/gcc/x86_64-pc-linux-gnu/9.4.0/crtbegin.o] ==> [/home/mashuang/stripe_merge/gcc/usr/local/lib/gcc/x86_64-pc-linux-gnu/9.4.0/crtbegin.o]
  collapse obj [/home/mashuang/stripe_merge/gcc/usr/local/bin/../lib/gcc/x86_64-pc-linux-gnu/9.4.0/crtend.o] ==> [/home/mashuang/stripe_merge/gcc/usr/local/lib/gcc/x86_64-pc-linux-gnu/9.4.0/crtend.o]
  collapse obj [/lib/../lib64/crtn.o] ==> [/lib64/crtn.o]
  collapse library dir [/home/mashuang/stripe_merge/gcc/usr/local/bin/../lib/gcc/x86_64-pc-linux-gnu/9.4.0] ==> [/home/mashuang/stripe_merge/gcc/usr/local/lib/gcc/x86_64-pc-linux-gnu/9.4.0]
  collapse library dir [/home/mashuang/stripe_merge/gcc/usr/local/bin/../lib/gcc] ==> [/home/mashuang/stripe_merge/gcc/usr/local/lib/gcc]
  collapse library dir [/home/mashuang/stripe_merge/grpc/lib/../lib64] ==> [/home/mashuang/stripe_merge/grpc/lib64]
  collapse library dir [/home/mashuang/stripe_merge/gcc/usr/local/lib/../lib64] ==> [/home/mashuang/stripe_merge/gcc/usr/local/lib64]
  collapse library dir [/home/mashuang/stripe_merge/grpc/lib/../lib64] ==> [/home/mashuang/stripe_merge/grpc/lib64]
  collapse library dir [/home/mashuang/stripe_merge/gcc/usr/local/lib/../lib64] ==> [/home/mashuang/stripe_merge/gcc/usr/local/lib64]
  collapse library dir [/home/mashuang/stripe_merge/gcc/usr/local/bin/../lib/gcc/x86_64-pc-linux-gnu/9.4.0/../../../../lib64] ==> [/home/mashuang/stripe_merge/gcc/usr/local/lib64]
  collapse library dir [/lib/../lib64] ==> [/lib64]
  collapse library dir [/usr/lib/../lib64] ==> [/usr/lib64]
  collapse library dir [/home/mashuang/stripe_merge/grpc/lib] ==> [/home/mashuang/stripe_merge/grpc/lib]
  collapse library dir [/home/mashuang/stripe_merge/gcc/usr/local/lib] ==> [/home/mashuang/stripe_merge/gcc/usr/local/lib]
  collapse library dir [/home/mashuang/stripe_merge/grpc/lib] ==> [/home/mashuang/stripe_merge/grpc/lib]
  collapse library dir [/home/mashuang/stripe_merge/gcc/usr/local/lib] ==> [/home/mashuang/stripe_merge/gcc/usr/local/lib]
  collapse library dir [/home/mashuang/stripe_merge/gcc/usr/local/bin/../lib/gcc/x86_64-pc-linux-gnu/9.4.0/../../..] ==> [/home/mashuang/stripe_merge/gcc/usr/local/lib]
  implicit libs: [stdc++;m;gcc_s;gcc;c;gcc_s;gcc]
  implicit objs: [/lib64/crt1.o;/lib64/crti.o;/home/mashuang/stripe_merge/gcc/usr/local/lib/gcc/x86_64-pc-linux-gnu/9.4.0/crtbegin.o;/home/mashuang/stripe_merge/gcc/usr/local/lib/gcc/x86_64-pc-linux-gnu/9.4.0/crtend.o;/lib64/crtn.o]
  implicit dirs: [/home/mashuang/stripe_merge/gcc/usr/local/lib/gcc/x86_64-pc-linux-gnu/9.4.0;/home/mashuang/stripe_merge/gcc/usr/local/lib/gcc;/home/mashuang/stripe_merge/grpc/lib64;/home/mashuang/stripe_merge/gcc/usr/local/lib64;/lib64;/usr/lib64;/home/mashuang/stripe_merge/grpc/lib;/home/mashuang/stripe_merge/gcc/usr/local/lib]
  implicit fwks: []


Determining if the include file pthread.h exists passed with the following output:
Change Dir: /home/mashuang/OOPPO/build/CMakeFiles/CMakeTmp

Run Build Command(s):/usr/bin/gmake -f Makefile cmTC_e919a/fast && /usr/bin/gmake  -f CMakeFiles/cmTC_e919a.dir/build.make CMakeFiles/cmTC_e919a.dir/build
gmake[1]: Entering directory `/home/mashuang/OOPPO/build/CMakeFiles/CMakeTmp'
Building C object CMakeFiles/cmTC_e919a.dir/CheckIncludeFile.c.o
/home/mashuang/stripe_merge/gcc/usr/local/bin/gcc    -o CMakeFiles/cmTC_e919a.dir/CheckIncludeFile.c.o -c /home/mashuang/OOPPO/build/CMakeFiles/CMakeTmp/CheckIncludeFile.c
Linking C executable cmTC_e919a
/home/mashuang/stripe_merge/cmake/bin/cmake -E cmake_link_script CMakeFiles/cmTC_e919a.dir/link.txt --verbose=1
/home/mashuang/stripe_merge/gcc/usr/local/bin/gcc CMakeFiles/cmTC_e919a.dir/CheckIncludeFile.c.o -o cmTC_e919a 
gmake[1]: Leaving directory `/home/mashuang/OOPPO/build/CMakeFiles/CMakeTmp'



Determining if the function pthread_create exists in the pthread passed with the following output:
Change Dir: /home/mashuang/OOPPO/build/CMakeFiles/CMakeTmp

Run Build Command(s):/usr/bin/gmake -f Makefile cmTC_9967e/fast && /usr/bin/gmake  -f CMakeFiles/cmTC_9967e.dir/build.make CMakeFiles/cmTC_9967e.dir/build
gmake[1]: Entering directory `/home/mashuang/OOPPO/build/CMakeFiles/CMakeTmp'
Building C object CMakeFiles/cmTC_9967e.dir/CheckFunctionExists.c.o
/home/mashuang/stripe_merge/gcc/usr/local/bin/gcc   -DCHECK_FUNCTION_EXISTS=pthread_create -o CMakeFiles/cmTC_9967e.dir/CheckFunctionExists.c.o -c /home/mashuang/stripe_merge/cmake/share/cmake-3.22/Modules/CheckFunctionExists.c
Linking C executable cmTC_9967e
/home/mashuang/stripe_merge/cmake/bin/cmake -E cmake_link_script CMakeFiles/cmTC_9967e.dir/link.txt --verbose=1
/home/mashuang/stripe_merge/gcc/usr/local/bin/gcc  -DCHECK_FUNCTION_EXISTS=pthread_create CMakeFiles/cmTC_9967e.dir/CheckFunctionExists.c.o -o cmTC_9967e  -lpthread 
gmake[1]: Leaving directory `/home/mashuang/OOPPO/build/CMakeFiles/CMakeTmp'



